\BOOKMARK [0][-]{chapter.1}{Introduction}{}% 1
\BOOKMARK [0][-]{chapter.2}{Literature Review}{}% 2
\BOOKMARK [1][-]{section.2.1}{Bayesian Optimisation}{chapter.2}% 3
\BOOKMARK [2][-]{subsection.2.1.1}{The Gaussian Process Prior}{section.2.1}% 4
\BOOKMARK [2][-]{subsection.2.1.2}{Acquisition Functions }{section.2.1}% 5
\BOOKMARK [2][-]{subsection.2.1.3}{Predictive Entropy Search}{section.2.1}% 6
\BOOKMARK [0][-]{chapter.3}{Entropy Search for Bayesian Optimisation Based on Parabolic Approximation}{}% 7
\BOOKMARK [1][-]{section.3.1}{Parabolic Approximation and Linearisation}{chapter.3}% 8
\BOOKMARK [1][-]{section.3.2}{Derivation of ESBOPA Algorithm}{chapter.3}% 9
\BOOKMARK [2][-]{subsection.3.2.1}{Entropy of a Gaussian Mixture}{section.3.2}% 10
\BOOKMARK [2][-]{subsection.3.2.2}{ Posterior Distribution on \040bold0mu mumu \040}{section.3.2}% 11
\BOOKMARK [2][-]{subsection.3.2.3}{Expected Entropy of a Gaussian Process}{section.3.2}% 12
\BOOKMARK [1][-]{section.3.3}{Hyperparameter Tunning}{chapter.3}% 13
\BOOKMARK [2][-]{subsection.3.3.1}{Maximum Likelihood Estimation}{section.3.3}% 14
\BOOKMARK [2][-]{subsection.3.3.2}{Marginalisation}{section.3.3}% 15
\BOOKMARK [1][-]{section.3.4}{ESBOPA Algorithm}{chapter.3}% 16
\BOOKMARK [1][-]{section.3.5}{Approximation of a Gaussian Mixture Entropy}{chapter.3}% 17
\BOOKMARK [2][-]{subsection.3.5.1}{Method 1: Taylor Expansion}{section.3.5}% 18
\BOOKMARK [2][-]{subsection.3.5.2}{Method 2: Numerical Integration}{section.3.5}% 19
\BOOKMARK [2][-]{subsection.3.5.3}{Method 3: Simple Monte Carlo }{section.3.5}% 20
\BOOKMARK [2][-]{subsection.3.5.4}{Experiments for Comparing Approximation Methods}{section.3.5}% 21
\BOOKMARK [0][-]{chapter.4}{Experiments and Results}{}% 22
\BOOKMARK [1][-]{section.4.1}{Within-Model Comparison}{chapter.4}% 23
\BOOKMARK [2][-]{subsection.4.1.1}{1D Test Functions}{section.4.1}% 24
\BOOKMARK [2][-]{subsection.4.1.2}{2D Test Functions}{section.4.1}% 25
\BOOKMARK [1][-]{section.4.2}{Benchmark Test Functions}{chapter.4}% 26
\BOOKMARK [2][-]{subsection.4.2.1}{Branin 2D}{section.4.2}% 27
\BOOKMARK [2][-]{subsection.4.2.2}{Rosenbrock 2D}{section.4.2}% 28
\BOOKMARK [2][-]{subsection.4.2.3}{Hartmann 6D}{section.4.2}% 29
\BOOKMARK [1][-]{section.4.3}{The Effect of Noise on Performance}{chapter.4}% 30
\BOOKMARK [0][-]{chapter.5}{Conclusion}{}% 31
\BOOKMARK [0][-]{chapter.5}{Bibliography}{}% 32
